---------------------------------------------------------------
[ 2020-12-10T14:16:49+08:00 ] 127.0.0.1 GET xgrx.test/
[运行时间：0.117218s] [吞吐率：8.53req/s] [内存消耗：3,560.46kb] [文件加载：125]
[ info ] [ BEHAVIOR ] Run Closure @app_init [ RunTime:0.000036s ]
[ info ] [ CACHE ] INIT File
[ info ] [ BEHAVIOR ] Run Closure @app_init [ RunTime:0.002983s ]
[ info ] [ LANG ] E:\waibao\xgrx\thinkphp\lang\zh-cn.php
[ info ] [ BEHAVIOR ] Run app\common\behavior\Common @app_dispatch [ RunTime:0.000672s ]
[ info ] [ ROUTE ] array (
  'type' => 'module',
  'module' => 
  array (
    0 => '',
    1 => NULL,
    2 => NULL,
  ),
)
[ info ] [ HEADER ] array (
  'accept-language' => 'zh-CN,zh;q=0.9',
  'accept-encoding' => 'gzip, deflate',
  'accept' => 'text/html,application/xhtml+xml,application/xml;q=0.9,image/webp,image/apng,*/*;q=0.8',
  'user-agent' => 'Mozilla/5.0 (Windows NT 10.0; WOW64) AppleWebKit/537.36 (KHTML, like Gecko) Chrome/72.0.3626.81 Safari/537.36 SE 2.X MetaSr 1.0',
  'upgrade-insecure-requests' => '1',
  'connection' => 'keep-alive',
  'host' => 'xgrx.test',
  'content-length' => '',
  'content-type' => '',
)
[ info ] [ PARAM ] array (
)
[ info ] [ LANG ] E:\waibao\xgrx\public/../application/index\lang\zh-cn.php
[ info ] [ BEHAVIOR ] Run app\common\behavior\Common @module_init [ RunTime:0.003335s ]
[ info ] [ LANG ] E:\waibao\xgrx\public/../application/index/lang/zh-cn/index.php
[ info ] [ RUN ] app\index\controller\Index->index[ E:\waibao\xgrx\application\index\controller\Index.php ]
[ info ] [ VIEW ] E:\waibao\xgrx\public/../application/index\view\index\index.html [ array (
  0 => 'user',
  1 => 'site',
  2 => 'config',
) ]
[ info ] [ LOG ] INIT File
---------------------------------------------------------------
[ 2020-12-10T14:16:54+08:00 ] 127.0.0.1 GET xgrx.test/admin11.php
[运行时间：0.055343s] [吞吐率：18.07req/s] [内存消耗：3,478.77kb] [文件加载：126]
[ info ] [ BEHAVIOR ] Run Closure @app_init [ RunTime:0.000028s ]
[ info ] [ CACHE ] INIT File
[ info ] [ BEHAVIOR ] Run Closure @app_init [ RunTime:0.000958s ]
[ info ] [ LANG ] E:\waibao\xgrx\thinkphp\lang\zh-cn.php
[ info ] [ BEHAVIOR ] Run app\common\behavior\Common @app_dispatch [ RunTime:0.000209s ]
[ info ] [ ROUTE ] array (
  'type' => 'module',
  'module' => 
  array (
    0 => 'admin',
    1 => NULL,
    2 => NULL,
  ),
)
[ info ] [ HEADER ] array (
  'accept-language' => 'zh-CN,zh;q=0.9',
  'accept-encoding' => 'gzip, deflate',
  'accept' => 'text/html,application/xhtml+xml,application/xml;q=0.9,image/webp,image/apng,*/*;q=0.8',
  'user-agent' => 'Mozilla/5.0 (Windows NT 10.0; WOW64) AppleWebKit/537.36 (KHTML, like Gecko) Chrome/72.0.3626.81 Safari/537.36 SE 2.X MetaSr 1.0',
  'upgrade-insecure-requests' => '1',
  'connection' => 'keep-alive',
  'host' => 'xgrx.test',
  'content-length' => '',
  'content-type' => '',
)
[ info ] [ PARAM ] array (
)
[ info ] [ LANG ] E:\waibao\xgrx\public/../application/admin\lang\zh-cn.php
[ info ] [ BEHAVIOR ] Run app\common\behavior\Common @module_init [ RunTime:0.000929s ]
[ info ] [ SESSION ] INIT array (
  'id' => '',
  'var_session_id' => '',
  'prefix' => 'think',
  'type' => '',
  'auto_start' => true,
)
[ info ] [ VIEW ] E:\waibao\xgrx\public/../application/common\view\tpl\dispatch_jump.tpl [ array (
  0 => 'code',
  1 => 'msg',
  2 => 'data',
  3 => 'url',
  4 => 'wait',
) ]
[ info ] [ BEHAVIOR ] Run app\admin\behavior\AdminLog @app_end [ RunTime:0.000307s ]
[ info ] [ LOG ] INIT File
---------------------------------------------------------------
[ 2020-12-10T14:16:55+08:00 ] 127.0.0.1 GET xgrx.test/admin11.php/index/login?url=%2Fadmin11.php
[运行时间：0.032290s] [吞吐率：30.97req/s] [内存消耗：4,033.96kb] [文件加载：129]
[ info ] [ BEHAVIOR ] Run Closure @app_init [ RunTime:0.000027s ]
[ info ] [ CACHE ] INIT File
[ info ] [ BEHAVIOR ] Run Closure @app_init [ RunTime:0.000993s ]
[ info ] [ LANG ] E:\waibao\xgrx\thinkphp\lang\zh-cn.php
[ info ] [ BEHAVIOR ] Run app\common\behavior\Common @app_dispatch [ RunTime:0.000214s ]
[ info ] [ ROUTE ] array (
  'type' => 'module',
  'module' => 
  array (
    0 => 'admin',
    1 => 'index',
    2 => 'login',
  ),
)
[ info ] [ HEADER ] array (
  'cookie' => 'PHPSESSID=5078ci44lpau8kge0v99iu5b3v',
  'accept-language' => 'zh-CN,zh;q=0.9',
  'accept-encoding' => 'gzip, deflate',
  'referer' => 'http://xgrx.test/admin11.php',
  'accept' => 'text/html,application/xhtml+xml,application/xml;q=0.9,image/webp,image/apng,*/*;q=0.8',
  'user-agent' => 'Mozilla/5.0 (Windows NT 10.0; WOW64) AppleWebKit/537.36 (KHTML, like Gecko) Chrome/72.0.3626.81 Safari/537.36 SE 2.X MetaSr 1.0',
  'upgrade-insecure-requests' => '1',
  'connection' => 'keep-alive',
  'host' => 'xgrx.test',
  'content-length' => '',
  'content-type' => '',
)
[ info ] [ PARAM ] array (
  'url' => '/admin11.php',
)
[ info ] [ LANG ] E:\waibao\xgrx\public/../application/admin\lang\zh-cn.php
[ info ] [ BEHAVIOR ] Run app\common\behavior\Common @module_init [ RunTime:0.000846s ]
[ info ] [ SESSION ] INIT array (
  'id' => '',
  'var_session_id' => '',
  'prefix' => 'think',
  'type' => '',
  'auto_start' => true,
)
[ info ] [ LANG ] E:\waibao\xgrx\public/../application/admin/lang/zh-cn/index.php
[ info ] [ RUN ] app\admin\controller\Index->login[ E:\waibao\xgrx\application\admin\controller\Index.php ]
[ info ] [ VIEW ] E:\waibao\xgrx\public/../application/admin\view\index\login.html [ array (
  0 => 'breadcrumb',
  1 => 'site',
  2 => 'config',
  3 => 'auth',
  4 => 'admin',
  5 => 'background',
  6 => 'title',
) ]
[ info ] [ BEHAVIOR ] Run app\admin\behavior\AdminLog @app_end [ RunTime:0.000146s ]
[ info ] [ LOG ] INIT File
---------------------------------------------------------------
[ 2020-12-10T14:16:55+08:00 ] 127.0.0.1 GET xgrx.test/admin11.php/ajax/lang?callback=define&controllername=index&lang=zh-cn&v=1607581015&v=1607581015
[运行时间：0.028412s] [吞吐率：35.20req/s] [内存消耗：4,053.86kb] [文件加载：130]
[ info ] [ BEHAVIOR ] Run Closure @app_init [ RunTime:0.000029s ]
[ info ] [ CACHE ] INIT File
[ info ] [ BEHAVIOR ] Run Closure @app_init [ RunTime:0.001017s ]
[ info ] [ LANG ] E:\waibao\xgrx\thinkphp\lang\zh-cn.php
[ info ] [ BEHAVIOR ] Run app\common\behavior\Common @app_dispatch [ RunTime:0.000216s ]
[ info ] [ ROUTE ] array (
  'type' => 'module',
  'module' => 
  array (
    0 => 'admin',
    1 => 'ajax',
    2 => 'lang',
  ),
)
[ info ] [ HEADER ] array (
  'cookie' => 'PHPSESSID=5078ci44lpau8kge0v99iu5b3v',
  'accept-language' => 'zh-CN,zh;q=0.9',
  'accept-encoding' => 'gzip, deflate',
  'accept' => '*/*',
  'user-agent' => 'Mozilla/5.0 (Windows NT 10.0; WOW64) AppleWebKit/537.36 (KHTML, like Gecko) Chrome/72.0.3626.81 Safari/537.36 SE 2.X MetaSr 1.0',
  'connection' => 'keep-alive',
  'host' => 'xgrx.test',
  'content-length' => '',
  'content-type' => '',
)
[ info ] [ PARAM ] array (
  'callback' => 'define',
  'controllername' => 'index',
  'lang' => 'zh-cn',
  'v' => '1607581015',
)
[ info ] [ LANG ] E:\waibao\xgrx\public/../application/admin\lang\zh-cn.php
[ info ] [ BEHAVIOR ] Run app\common\behavior\Common @module_init [ RunTime:0.001145s ]
[ info ] [ SESSION ] INIT array (
  'id' => '',
  'var_session_id' => '',
  'prefix' => 'think',
  'type' => '',
  'auto_start' => true,
)
[ info ] [ LANG ] E:\waibao\xgrx\public/../application/admin/lang/zh-cn/ajax.php
[ info ] [ RUN ] app\admin\controller\Ajax->lang[ E:\waibao\xgrx\application\admin\controller\Ajax.php ]
[ info ] [ LANG ] E:\waibao\xgrx\public/../application/admin/lang/zh-cn/index.php
[ info ] [ BEHAVIOR ] Run app\admin\behavior\AdminLog @app_end [ RunTime:0.000171s ]
[ info ] [ LOG ] INIT File
---------------------------------------------------------------
[ 2020-12-10T14:17:00+08:00 ] 127.0.0.1 POST xgrx.test/admin11.php/index/login?url=%2Fadmin11.php
[运行时间：0.070487s] [吞吐率：14.19req/s] [内存消耗：5,035.52kb] [文件加载：139]
[ info ] [ BEHAVIOR ] Run Closure @app_init [ RunTime:0.000028s ]
[ info ] [ CACHE ] INIT File
[ info ] [ BEHAVIOR ] Run Closure @app_init [ RunTime:0.000998s ]
[ info ] [ LANG ] E:\waibao\xgrx\thinkphp\lang\zh-cn.php
[ info ] [ BEHAVIOR ] Run app\common\behavior\Common @app_dispatch [ RunTime:0.000217s ]
[ info ] [ ROUTE ] array (
  'type' => 'module',
  'module' => 
  array (
    0 => 'admin',
    1 => 'index',
    2 => 'login',
  ),
)
[ info ] [ HEADER ] array (
  'cookie' => 'PHPSESSID=5078ci44lpau8kge0v99iu5b3v; think_var=zh-cn',
  'accept-language' => 'zh-CN,zh;q=0.9',
  'accept-encoding' => 'gzip, deflate',
  'content-type' => 'application/x-www-form-urlencoded; charset=UTF-8',
  'user-agent' => 'Mozilla/5.0 (Windows NT 10.0; WOW64) AppleWebKit/537.36 (KHTML, like Gecko) Chrome/72.0.3626.81 Safari/537.36 SE 2.X MetaSr 1.0',
  'x-requested-with' => 'XMLHttpRequest',
  'origin' => 'http://xgrx.test',
  'accept' => 'application/json, text/javascript, */*; q=0.01',
  'content-length' => '85',
  'connection' => 'keep-alive',
  'host' => 'xgrx.test',
)
[ info ] [ PARAM ] array (
  'url' => '/admin11.php',
  '__token__' => 'a714916ca598685b422c3505e5173bfd',
  'username' => 'admin',
  'password' => '123456',
  'keeplogin' => '1',
)
[ info ] [ LANG ] E:\waibao\xgrx\public/../application/admin\lang\zh-cn.php
[ info ] [ BEHAVIOR ] Run app\common\behavior\Common @module_init [ RunTime:0.000905s ]
[ info ] [ SESSION ] INIT array (
  'id' => '',
  'var_session_id' => '',
  'prefix' => 'think',
  'type' => '',
  'auto_start' => true,
)
[ info ] [ LANG ] E:\waibao\xgrx\public/../application/admin/lang/zh-cn/index.php
[ info ] [ RUN ] app\admin\controller\Index->login[ E:\waibao\xgrx\application\admin\controller\Index.php ]
[ info ] [ DB ] INIT mysql
[ info ] [ BEHAVIOR ] Run app\admin\behavior\AdminLog @app_end [ RunTime:0.009341s ]
[ info ] [ LOG ] INIT File
[ sql ] [ DB ] CONNECT:[ UseTime:0.001022s ] mysql:host=127.0.0.1;dbname=xgrx;charset=utf8mb4
[ sql ] [ SQL ] SHOW COLUMNS FROM `fa_admin` [ RunTime:0.003393s ]
[ sql ] [ SQL ] SELECT * FROM `fa_admin` WHERE  `username` = 'admin' LIMIT 1 [ RunTime:0.000736s ]
[ sql ] [ SQL ] UPDATE `fa_admin`  SET `logintime`=1607581020,`token`='cc011d60-7ae9-4ad8-86da-5ed4b5a099ac',`updatetime`=1607581020  WHERE  `id` = 1 [ RunTime:0.003972s ]
[ sql ] [ SQL ] SHOW COLUMNS FROM `fa_admin_log` [ RunTime:0.004360s ]
[ sql ] [ SQL ] INSERT INTO `fa_admin_log` (`title` , `content` , `url` , `admin_id` , `username` , `useragent` , `ip` , `createtime`) VALUES ('登录' , '{\"url\":\"\\/admin11.php\",\"__token__\":\"***\",\"username\":\"admin\",\"password\":\"***\",\"keeplogin\":\"1\"}' , '/admin11.php/index/login?url=%2Fadmin11.php' , 1 , 'admin' , 'Mozilla/5.0 (Windows NT 10.0; WOW64) AppleWebKit/537.36 (KHTML, like Gecko) Chrome/72.0.3626.81 Safari/537.36 SE 2.X MetaSr 1.0' , '127.0.0.1' , 1607581020) [ RunTime:0.003983s ]
---------------------------------------------------------------
[ 2020-12-10T14:17:01+08:00 ] 127.0.0.1 GET xgrx.test/admin11.php
[运行时间：0.158275s] [吞吐率：6.32req/s] [内存消耗：5,296.26kb] [文件加载：147]
[ info ] [ BEHAVIOR ] Run Closure @app_init [ RunTime:0.000029s ]
[ info ] [ CACHE ] INIT File
[ info ] [ BEHAVIOR ] Run Closure @app_init [ RunTime:0.001007s ]
[ info ] [ LANG ] E:\waibao\xgrx\thinkphp\lang\zh-cn.php
[ info ] [ BEHAVIOR ] Run app\common\behavior\Common @app_dispatch [ RunTime:0.000220s ]
[ info ] [ ROUTE ] array (
  'type' => 'module',
  'module' => 
  array (
    0 => 'admin',
    1 => NULL,
    2 => NULL,
  ),
)
[ info ] [ HEADER ] array (
  'cookie' => 'PHPSESSID=5078ci44lpau8kge0v99iu5b3v; think_var=zh-cn; keeplogin=1%7C86400%7C1607667420%7C24fa0f75ec579fcfed6077654178e619',
  'accept-language' => 'zh-CN,zh;q=0.9',
  'accept-encoding' => 'gzip, deflate',
  'accept' => 'text/html,application/xhtml+xml,application/xml;q=0.9,image/webp,image/apng,*/*;q=0.8',
  'user-agent' => 'Mozilla/5.0 (Windows NT 10.0; WOW64) AppleWebKit/537.36 (KHTML, like Gecko) Chrome/72.0.3626.81 Safari/537.36 SE 2.X MetaSr 1.0',
  'upgrade-insecure-requests' => '1',
  'connection' => 'keep-alive',
  'host' => 'xgrx.test',
  'content-length' => '',
  'content-type' => '',
)
[ info ] [ PARAM ] array (
)
[ info ] [ LANG ] E:\waibao\xgrx\public/../application/admin\lang\zh-cn.php
[ info ] [ BEHAVIOR ] Run app\common\behavior\Common @module_init [ RunTime:0.000865s ]
[ info ] [ SESSION ] INIT array (
  'id' => '',
  'var_session_id' => '',
  'prefix' => 'think',
  'type' => '',
  'auto_start' => true,
)
[ info ] [ LANG ] E:\waibao\xgrx\public/../application/admin/lang/zh-cn/index.php
[ info ] [ RUN ] app\admin\controller\Index->index[ E:\waibao\xgrx\application\admin\controller\Index.php ]
[ info ] [ DB ] INIT mysql
[ info ] [ VIEW ] E:\waibao\xgrx\public/../application/admin\view\index\index.html [ array (
  0 => 'breadcrumb',
  1 => 'site',
  2 => 'config',
  3 => 'auth',
  4 => 'admin',
  5 => 'menulist',
  6 => 'navlist',
  7 => 'fixedmenu',
  8 => 'referermenu',
  9 => 'title',
) ]
[ info ] [ BEHAVIOR ] Run app\admin\behavior\AdminLog @app_end [ RunTime:0.000154s ]
[ info ] [ LOG ] INIT File
[ sql ] [ DB ] CONNECT:[ UseTime:0.010537s ] mysql:host=127.0.0.1;dbname=xgrx;charset=utf8mb4
[ sql ] [ SQL ] SHOW COLUMNS FROM `fa_auth_group_access` [ RunTime:0.002064s ]
[ sql ] [ SQL ] SELECT `aga`.`uid`,`aga`.`group_id`,`ag`.`id`,`ag`.`pid`,`ag`.`name`,`ag`.`rules` FROM `fa_auth_group_access` `aga` LEFT JOIN `fa_auth_group` `ag` ON `aga`.`group_id`=`ag`.`id` WHERE  (  aga.uid='1' and ag.status='normal' ) [ RunTime:0.003943s ]
[ sql ] [ SQL ] SHOW COLUMNS FROM `fa_auth_rule` [ RunTime:0.004007s ]
[ sql ] [ SQL ] SELECT `id`,`pid`,`condition`,`icon`,`name`,`title`,`ismenu` FROM `fa_auth_rule` WHERE  `status` = 'normal' [ RunTime:0.000411s ]
[ sql ] [ SQL ] SELECT `name`,`pid` FROM `fa_auth_rule` WHERE  `status` = 'normal'  AND `ismenu` = 0  AND `name` LIKE '%/index' [ RunTime:0.000538s ]
---------------------------------------------------------------
[ 2020-12-10T14:17:01+08:00 ] 127.0.0.1 GET xgrx.test/admin11.php/dashboard?addtabs=1
[运行时间：0.077491s] [吞吐率：12.90req/s] [内存消耗：5,100.28kb] [文件加载：137]
[ info ] [ BEHAVIOR ] Run Closure @app_init [ RunTime:0.000030s ]
[ info ] [ CACHE ] INIT File
[ info ] [ BEHAVIOR ] Run Closure @app_init [ RunTime:0.001057s ]
[ info ] [ LANG ] E:\waibao\xgrx\thinkphp\lang\zh-cn.php
[ info ] [ BEHAVIOR ] Run app\common\behavior\Common @app_dispatch [ RunTime:0.000234s ]
[ info ] [ ROUTE ] array (
  'type' => 'module',
  'module' => 
  array (
    0 => 'admin',
    1 => 'dashboard',
    2 => NULL,
  ),
)
[ info ] [ HEADER ] array (
  'cookie' => 'PHPSESSID=5078ci44lpau8kge0v99iu5b3v; think_var=zh-cn; keeplogin=1%7C86400%7C1607667420%7C24fa0f75ec579fcfed6077654178e619',
  'accept-language' => 'zh-CN,zh;q=0.9',
  'accept-encoding' => 'gzip, deflate',
  'accept' => 'text/html,application/xhtml+xml,application/xml;q=0.9,image/webp,image/apng,*/*;q=0.8',
  'user-agent' => 'Mozilla/5.0 (Windows NT 10.0; WOW64) AppleWebKit/537.36 (KHTML, like Gecko) Chrome/72.0.3626.81 Safari/537.36 SE 2.X MetaSr 1.0',
  'upgrade-insecure-requests' => '1',
  'connection' => 'keep-alive',
  'host' => 'xgrx.test',
  'content-length' => '',
  'content-type' => '',
)
[ info ] [ PARAM ] array (
  'addtabs' => '1',
)
[ info ] [ LANG ] E:\waibao\xgrx\public/../application/admin\lang\zh-cn.php
[ info ] [ BEHAVIOR ] Run app\common\behavior\Common @module_init [ RunTime:0.000919s ]
[ info ] [ SESSION ] INIT array (
  'id' => '',
  'var_session_id' => '',
  'prefix' => 'think',
  'type' => '',
  'auto_start' => true,
)
[ info ] [ DB ] INIT mysql
[ info ] [ LANG ] E:\waibao\xgrx\public/../application/admin/lang/zh-cn/dashboard.php
[ info ] [ RUN ] app\admin\controller\Dashboard->index[ E:\waibao\xgrx\application\admin\controller\Dashboard.php ]
[ info ] [ VIEW ] E:\waibao\xgrx\public/../application/admin\view\dashboard\index.html [ array (
  0 => 'breadcrumb',
  1 => 'site',
  2 => 'config',
  3 => 'auth',
  4 => 'admin',
  5 => 'totaluser',
  6 => 'totalviews',
  7 => 'totalorder',
  8 => 'totalorderamount',
  9 => 'todayuserlogin',
  10 => 'todayusersignup',
  11 => 'todayorder',
  12 => 'unsettleorder',
  13 => 'sevendnu',
  14 => 'sevendau',
  15 => 'paylist',
  16 => 'createlist',
  17 => 'addonversion',
  18 => 'uploadmode',
) ]
[ info ] [ BEHAVIOR ] Run app\admin\behavior\AdminLog @app_end [ RunTime:0.000158s ]
[ info ] [ LOG ] INIT File
[ sql ] [ DB ] CONNECT:[ UseTime:0.010855s ] mysql:host=127.0.0.1;dbname=xgrx;charset=utf8mb4
[ sql ] [ SQL ] SHOW COLUMNS FROM `fa_auth_group_access` [ RunTime:0.001014s ]
[ sql ] [ SQL ] SELECT `aga`.`uid`,`aga`.`group_id`,`ag`.`id`,`ag`.`pid`,`ag`.`name`,`ag`.`rules` FROM `fa_auth_group_access` `aga` LEFT JOIN `fa_auth_group` `ag` ON `aga`.`group_id`=`ag`.`id` WHERE  (  aga.uid='1' and ag.status='normal' ) [ RunTime:0.000877s ]
[ sql ] [ SQL ] SHOW COLUMNS FROM `fa_auth_rule` [ RunTime:0.000939s ]
[ sql ] [ SQL ] SELECT `id`,`pid`,`condition`,`icon`,`name`,`title`,`ismenu` FROM `fa_auth_rule` WHERE  `status` = 'normal' [ RunTime:0.000359s ]
[ sql ] [ SQL ] SELECT `title`,`remark` FROM `fa_auth_rule` WHERE  `name` = 'dashboard' LIMIT 1 [ RunTime:0.000661s ]
---------------------------------------------------------------
[ 2020-12-10T14:17:01+08:00 ] 127.0.0.1 GET xgrx.test/admin11.php/ajax/lang?callback=define&controllername=index&lang=zh-cn&v=1607581020&v=1607581020
[运行时间：0.026953s] [吞吐率：37.10req/s] [内存消耗：4,055.88kb] [文件加载：130]
[ info ] [ BEHAVIOR ] Run Closure @app_init [ RunTime:0.000029s ]
[ info ] [ CACHE ] INIT File
[ info ] [ BEHAVIOR ] Run Closure @app_init [ RunTime:0.000998s ]
[ info ] [ LANG ] E:\waibao\xgrx\thinkphp\lang\zh-cn.php
[ info ] [ BEHAVIOR ] Run app\common\behavior\Common @app_dispatch [ RunTime:0.000216s ]
[ info ] [ ROUTE ] array (
  'type' => 'module',
  'module' => 
  array (
    0 => 'admin',
    1 => 'ajax',
    2 => 'lang',
  ),
)
[ info ] [ HEADER ] array (
  'cookie' => 'PHPSESSID=5078ci44lpau8kge0v99iu5b3v; think_var=zh-cn; keeplogin=1%7C86400%7C1607667420%7C24fa0f75ec579fcfed6077654178e619',
  'accept-language' => 'zh-CN,zh;q=0.9',
  'accept-encoding' => 'gzip, deflate',
  'accept' => '*/*',
  'user-agent' => 'Mozilla/5.0 (Windows NT 10.0; WOW64) AppleWebKit/537.36 (KHTML, like Gecko) Chrome/72.0.3626.81 Safari/537.36 SE 2.X MetaSr 1.0',
  'connection' => 'keep-alive',
  'host' => 'xgrx.test',
  'content-length' => '',
  'content-type' => '',
)
[ info ] [ PARAM ] array (
  'callback' => 'define',
  'controllername' => 'index',
  'lang' => 'zh-cn',
  'v' => '1607581020',
)
[ info ] [ LANG ] E:\waibao\xgrx\public/../application/admin\lang\zh-cn.php
[ info ] [ BEHAVIOR ] Run app\common\behavior\Common @module_init [ RunTime:0.001160s ]
[ info ] [ SESSION ] INIT array (
  'id' => '',
  'var_session_id' => '',
  'prefix' => 'think',
  'type' => '',
  'auto_start' => true,
)
[ info ] [ LANG ] E:\waibao\xgrx\public/../application/admin/lang/zh-cn/ajax.php
[ info ] [ RUN ] app\admin\controller\Ajax->lang[ E:\waibao\xgrx\application\admin\controller\Ajax.php ]
[ info ] [ LANG ] E:\waibao\xgrx\public/../application/admin/lang/zh-cn/index.php
[ info ] [ BEHAVIOR ] Run app\admin\behavior\AdminLog @app_end [ RunTime:0.000169s ]
[ info ] [ LOG ] INIT File
---------------------------------------------------------------
[ 2020-12-10T14:17:01+08:00 ] 127.0.0.1 GET xgrx.test/admin11.php/ajax/lang?callback=define&controllername=dashboard&lang=zh-cn&v=1607581021&v=1607581021
[运行时间：0.026738s] [吞吐率：37.40req/s] [内存消耗：4,054.00kb] [文件加载：130]
[ info ] [ BEHAVIOR ] Run Closure @app_init [ RunTime:0.000028s ]
[ info ] [ CACHE ] INIT File
[ info ] [ BEHAVIOR ] Run Closure @app_init [ RunTime:0.000981s ]
[ info ] [ LANG ] E:\waibao\xgrx\thinkphp\lang\zh-cn.php
[ info ] [ BEHAVIOR ] Run app\common\behavior\Common @app_dispatch [ RunTime:0.000211s ]
[ info ] [ ROUTE ] array (
  'type' => 'module',
  'module' => 
  array (
    0 => 'admin',
    1 => 'ajax',
    2 => 'lang',
  ),
)
[ info ] [ HEADER ] array (
  'cookie' => 'PHPSESSID=5078ci44lpau8kge0v99iu5b3v; think_var=zh-cn; keeplogin=1%7C86400%7C1607667420%7C24fa0f75ec579fcfed6077654178e619',
  'accept-language' => 'zh-CN,zh;q=0.9',
  'accept-encoding' => 'gzip, deflate',
  'accept' => '*/*',
  'user-agent' => 'Mozilla/5.0 (Windows NT 10.0; WOW64) AppleWebKit/537.36 (KHTML, like Gecko) Chrome/72.0.3626.81 Safari/537.36 SE 2.X MetaSr 1.0',
  'connection' => 'keep-alive',
  'host' => 'xgrx.test',
  'content-length' => '',
  'content-type' => '',
)
[ info ] [ PARAM ] array (
  'callback' => 'define',
  'controllername' => 'dashboard',
  'lang' => 'zh-cn',
  'v' => '1607581021',
)
[ info ] [ LANG ] E:\waibao\xgrx\public/../application/admin\lang\zh-cn.php
[ info ] [ BEHAVIOR ] Run app\common\behavior\Common @module_init [ RunTime:0.001144s ]
[ info ] [ SESSION ] INIT array (
  'id' => '',
  'var_session_id' => '',
  'prefix' => 'think',
  'type' => '',
  'auto_start' => true,
)
[ info ] [ LANG ] E:\waibao\xgrx\public/../application/admin/lang/zh-cn/ajax.php
[ info ] [ RUN ] app\admin\controller\Ajax->lang[ E:\waibao\xgrx\application\admin\controller\Ajax.php ]
[ info ] [ LANG ] E:\waibao\xgrx\public/../application/admin/lang/zh-cn/dashboard.php
[ info ] [ BEHAVIOR ] Run app\admin\behavior\AdminLog @app_end [ RunTime:0.000239s ]
[ info ] [ LOG ] INIT File
---------------------------------------------------------------
[ 2020-12-10T14:17:02+08:00 ] 127.0.0.1 GET xgrx.test/admin11.php/information?addtabs=1
[运行时间：0.065687s] [吞吐率：15.22req/s] [内存消耗：5,053.88kb] [文件加载：137]
[ info ] [ BEHAVIOR ] Run Closure @app_init [ RunTime:0.000028s ]
[ info ] [ CACHE ] INIT File
[ info ] [ BEHAVIOR ] Run Closure @app_init [ RunTime:0.000969s ]
[ info ] [ LANG ] E:\waibao\xgrx\thinkphp\lang\zh-cn.php
[ info ] [ BEHAVIOR ] Run app\common\behavior\Common @app_dispatch [ RunTime:0.000212s ]
[ info ] [ ROUTE ] array (
  'type' => 'module',
  'module' => 
  array (
    0 => 'admin',
    1 => 'information',
    2 => NULL,
  ),
)
[ info ] [ HEADER ] array (
  'cookie' => 'PHPSESSID=5078ci44lpau8kge0v99iu5b3v; think_var=zh-cn; keeplogin=1%7C86400%7C1607667420%7C24fa0f75ec579fcfed6077654178e619',
  'accept-language' => 'zh-CN,zh;q=0.9',
  'accept-encoding' => 'gzip, deflate',
  'accept' => 'text/html,application/xhtml+xml,application/xml;q=0.9,image/webp,image/apng,*/*;q=0.8',
  'user-agent' => 'Mozilla/5.0 (Windows NT 10.0; WOW64) AppleWebKit/537.36 (KHTML, like Gecko) Chrome/72.0.3626.81 Safari/537.36 SE 2.X MetaSr 1.0',
  'upgrade-insecure-requests' => '1',
  'connection' => 'keep-alive',
  'host' => 'xgrx.test',
  'content-length' => '',
  'content-type' => '',
)
[ info ] [ PARAM ] array (
  'addtabs' => '1',
)
[ info ] [ LANG ] E:\waibao\xgrx\public/../application/admin\lang\zh-cn.php
[ info ] [ BEHAVIOR ] Run app\common\behavior\Common @module_init [ RunTime:0.000834s ]
[ info ] [ SESSION ] INIT array (
  'id' => '',
  'var_session_id' => '',
  'prefix' => 'think',
  'type' => '',
  'auto_start' => true,
)
[ info ] [ DB ] INIT mysql
[ info ] [ LANG ] E:\waibao\xgrx\public/../application/admin/lang/zh-cn/information.php
[ info ] [ RUN ] app\admin\controller\Information->index[ E:\waibao\xgrx\application\admin\controller\Information.php ]
[ info ] [ VIEW ] E:\waibao\xgrx\public/../application/admin\view\information\index.html [ array (
  0 => 'breadcrumb',
  1 => 'site',
  2 => 'config',
  3 => 'auth',
  4 => 'admin',
) ]
[ info ] [ BEHAVIOR ] Run app\admin\behavior\AdminLog @app_end [ RunTime:0.000148s ]
[ info ] [ LOG ] INIT File
[ sql ] [ DB ] CONNECT:[ UseTime:0.010567s ] mysql:host=127.0.0.1;dbname=xgrx;charset=utf8mb4
[ sql ] [ SQL ] SHOW COLUMNS FROM `fa_auth_group_access` [ RunTime:0.001147s ]
[ sql ] [ SQL ] SELECT `aga`.`uid`,`aga`.`group_id`,`ag`.`id`,`ag`.`pid`,`ag`.`name`,`ag`.`rules` FROM `fa_auth_group_access` `aga` LEFT JOIN `fa_auth_group` `ag` ON `aga`.`group_id`=`ag`.`id` WHERE  (  aga.uid='1' and ag.status='normal' ) [ RunTime:0.000886s ]
[ sql ] [ SQL ] SHOW COLUMNS FROM `fa_auth_rule` [ RunTime:0.001064s ]
[ sql ] [ SQL ] SELECT `id`,`pid`,`condition`,`icon`,`name`,`title`,`ismenu` FROM `fa_auth_rule` WHERE  `status` = 'normal' [ RunTime:0.000428s ]
[ sql ] [ SQL ] SELECT `title`,`remark` FROM `fa_auth_rule` WHERE  `name` = 'information' LIMIT 1 [ RunTime:0.000398s ]
---------------------------------------------------------------
[ 2020-12-10T14:17:02+08:00 ] 127.0.0.1 GET xgrx.test/admin11.php/ajax/lang?callback=define&controllername=information&lang=zh-cn&v=1607581022&v=1607581022
[运行时间：0.025906s] [吞吐率：38.60req/s] [内存消耗：4,051.77kb] [文件加载：130]
[ info ] [ BEHAVIOR ] Run Closure @app_init [ RunTime:0.000027s ]
[ info ] [ CACHE ] INIT File
[ info ] [ BEHAVIOR ] Run Closure @app_init [ RunTime:0.000977s ]
[ info ] [ LANG ] E:\waibao\xgrx\thinkphp\lang\zh-cn.php
[ info ] [ BEHAVIOR ] Run app\common\behavior\Common @app_dispatch [ RunTime:0.000208s ]
[ info ] [ ROUTE ] array (
  'type' => 'module',
  'module' => 
  array (
    0 => 'admin',
    1 => 'ajax',
    2 => 'lang',
  ),
)
[ info ] [ HEADER ] array (
  'cookie' => 'PHPSESSID=5078ci44lpau8kge0v99iu5b3v; think_var=zh-cn; keeplogin=1%7C86400%7C1607667420%7C24fa0f75ec579fcfed6077654178e619',
  'accept-language' => 'zh-CN,zh;q=0.9',
  'accept-encoding' => 'gzip, deflate',
  'accept' => '*/*',
  'user-agent' => 'Mozilla/5.0 (Windows NT 10.0; WOW64) AppleWebKit/537.36 (KHTML, like Gecko) Chrome/72.0.3626.81 Safari/537.36 SE 2.X MetaSr 1.0',
  'connection' => 'keep-alive',
  'host' => 'xgrx.test',
  'content-length' => '',
  'content-type' => '',
)
[ info ] [ PARAM ] array (
  'callback' => 'define',
  'controllername' => 'information',
  'lang' => 'zh-cn',
  'v' => '1607581022',
)
[ info ] [ LANG ] E:\waibao\xgrx\public/../application/admin\lang\zh-cn.php
[ info ] [ BEHAVIOR ] Run app\common\behavior\Common @module_init [ RunTime:0.001122s ]
[ info ] [ SESSION ] INIT array (
  'id' => '',
  'var_session_id' => '',
  'prefix' => 'think',
  'type' => '',
  'auto_start' => true,
)
[ info ] [ LANG ] E:\waibao\xgrx\public/../application/admin/lang/zh-cn/ajax.php
[ info ] [ RUN ] app\admin\controller\Ajax->lang[ E:\waibao\xgrx\application\admin\controller\Ajax.php ]
[ info ] [ LANG ] E:\waibao\xgrx\public/../application/admin/lang/zh-cn/information.php
[ info ] [ BEHAVIOR ] Run app\admin\behavior\AdminLog @app_end [ RunTime:0.000154s ]
[ info ] [ LOG ] INIT File
---------------------------------------------------------------
[ 2020-12-10T14:17:02+08:00 ] 127.0.0.1 GET xgrx.test/admin11.php/information/index?addtabs=1&sort=weigh&order=desc&offset=0&limit=10&filter=%7B%7D&op=%7B%7D&_=1607581022517
[运行时间：0.054216s] [吞吐率：18.44req/s] [内存消耗：5,164.71kb] [文件加载：140]
[ info ] [ BEHAVIOR ] Run Closure @app_init [ RunTime:0.000029s ]
[ info ] [ CACHE ] INIT File
[ info ] [ BEHAVIOR ] Run Closure @app_init [ RunTime:0.001014s ]
[ info ] [ LANG ] E:\waibao\xgrx\thinkphp\lang\zh-cn.php
[ info ] [ BEHAVIOR ] Run app\common\behavior\Common @app_dispatch [ RunTime:0.000226s ]
[ info ] [ ROUTE ] array (
  'type' => 'module',
  'module' => 
  array (
    0 => 'admin',
    1 => 'information',
    2 => 'index',
  ),
)
[ info ] [ HEADER ] array (
  'cookie' => 'PHPSESSID=5078ci44lpau8kge0v99iu5b3v; think_var=zh-cn; keeplogin=1%7C86400%7C1607667420%7C24fa0f75ec579fcfed6077654178e619',
  'accept-language' => 'zh-CN,zh;q=0.9',
  'accept-encoding' => 'gzip, deflate',
  'content-type' => 'application/json',
  'user-agent' => 'Mozilla/5.0 (Windows NT 10.0; WOW64) AppleWebKit/537.36 (KHTML, like Gecko) Chrome/72.0.3626.81 Safari/537.36 SE 2.X MetaSr 1.0',
  'x-requested-with' => 'XMLHttpRequest',
  'accept' => 'application/json, text/javascript, */*; q=0.01',
  'connection' => 'keep-alive',
  'host' => 'xgrx.test',
  'content-length' => '',
)
[ info ] [ PARAM ] array (
  'addtabs' => '1',
  'sort' => 'weigh',
  'order' => 'desc',
  'offset' => '0',
  'limit' => '10',
  'filter' => '{}',
  'op' => '{}',
  '_' => '1607581022517',
)
[ info ] [ LANG ] E:\waibao\xgrx\public/../application/admin\lang\zh-cn.php
[ info ] [ BEHAVIOR ] Run app\common\behavior\Common @module_init [ RunTime:0.000875s ]
[ info ] [ SESSION ] INIT array (
  'id' => '',
  'var_session_id' => '',
  'prefix' => 'think',
  'type' => '',
  'auto_start' => true,
)
[ info ] [ DB ] INIT mysql
[ info ] [ LANG ] E:\waibao\xgrx\public/../application/admin/lang/zh-cn/information.php
[ info ] [ RUN ] app\admin\controller\Information->index[ E:\waibao\xgrx\application\admin\controller\Information.php ]
[ info ] [ BEHAVIOR ] Run app\admin\behavior\AdminLog @app_end [ RunTime:0.000149s ]
[ info ] [ LOG ] INIT File
[ sql ] [ DB ] CONNECT:[ UseTime:0.009844s ] mysql:host=127.0.0.1;dbname=xgrx;charset=utf8mb4
[ sql ] [ SQL ] SHOW COLUMNS FROM `fa_auth_group_access` [ RunTime:0.001109s ]
[ sql ] [ SQL ] SELECT `aga`.`uid`,`aga`.`group_id`,`ag`.`id`,`ag`.`pid`,`ag`.`name`,`ag`.`rules` FROM `fa_auth_group_access` `aga` LEFT JOIN `fa_auth_group` `ag` ON `aga`.`group_id`=`ag`.`id` WHERE  (  aga.uid='1' and ag.status='normal' ) [ RunTime:0.000884s ]
[ sql ] [ SQL ] SHOW COLUMNS FROM `fa_auth_rule` [ RunTime:0.001011s ]
[ sql ] [ SQL ] SELECT `id`,`pid`,`condition`,`icon`,`name`,`title`,`ismenu` FROM `fa_auth_rule` WHERE  `status` = 'normal' [ RunTime:0.000404s ]
[ sql ] [ SQL ] SHOW COLUMNS FROM `fa_information` [ RunTime:0.003135s ]
[ sql ] [ SQL ] SELECT COUNT(*) AS tp_count FROM `fa_information` WHERE `fa_information`.`deletetime` IS NULL LIMIT 1 [ RunTime:0.000627s ]
[ sql ] [ SQL ] SELECT * FROM `fa_information` WHERE `fa_information`.`deletetime` IS NULL ORDER BY `weigh` DESC LIMIT 0,10 [ RunTime:0.000373s ]
---------------------------------------------------------------
[ 2020-12-10T14:17:04+08:00 ] 127.0.0.1 GET xgrx.test/admin11.php/information/add?dialog=1
[运行时间：0.051697s] [吞吐率：19.34req/s] [内存消耗：5,070.66kb] [文件加载：137]
[ info ] [ BEHAVIOR ] Run Closure @app_init [ RunTime:0.000030s ]
[ info ] [ CACHE ] INIT File
[ info ] [ BEHAVIOR ] Run Closure @app_init [ RunTime:0.001064s ]
[ info ] [ LANG ] E:\waibao\xgrx\thinkphp\lang\zh-cn.php
[ info ] [ BEHAVIOR ] Run app\common\behavior\Common @app_dispatch [ RunTime:0.000227s ]
[ info ] [ ROUTE ] array (
  'type' => 'module',
  'module' => 
  array (
    0 => 'admin',
    1 => 'information',
    2 => 'add',
  ),
)
[ info ] [ HEADER ] array (
  'cookie' => 'PHPSESSID=5078ci44lpau8kge0v99iu5b3v; think_var=zh-cn; keeplogin=1%7C86400%7C1607667420%7C24fa0f75ec579fcfed6077654178e619',
  'accept-language' => 'zh-CN,zh;q=0.9',
  'accept-encoding' => 'gzip, deflate',
  'accept' => 'text/html,application/xhtml+xml,application/xml;q=0.9,image/webp,image/apng,*/*;q=0.8',
  'user-agent' => 'Mozilla/5.0 (Windows NT 10.0; WOW64) AppleWebKit/537.36 (KHTML, like Gecko) Chrome/72.0.3626.81 Safari/537.36 SE 2.X MetaSr 1.0',
  'upgrade-insecure-requests' => '1',
  'connection' => 'keep-alive',
  'host' => 'xgrx.test',
  'content-length' => '',
  'content-type' => '',
)
[ info ] [ PARAM ] array (
  'dialog' => '1',
)
[ info ] [ LANG ] E:\waibao\xgrx\public/../application/admin\lang\zh-cn.php
[ info ] [ BEHAVIOR ] Run app\common\behavior\Common @module_init [ RunTime:0.000854s ]
[ info ] [ SESSION ] INIT array (
  'id' => '',
  'var_session_id' => '',
  'prefix' => 'think',
  'type' => '',
  'auto_start' => true,
)
[ info ] [ DB ] INIT mysql
[ info ] [ LANG ] E:\waibao\xgrx\public/../application/admin/lang/zh-cn/information.php
[ info ] [ RUN ] app\common\controller\Backend->add[ E:\waibao\xgrx\application\admin\library\traits\Backend.php ]
[ info ] [ VIEW ] E:\waibao\xgrx\public/../application/admin\view\information\add.html [ array (
  0 => 'breadcrumb',
  1 => 'site',
  2 => 'config',
  3 => 'auth',
  4 => 'admin',
) ]
[ info ] [ BEHAVIOR ] Run app\admin\behavior\AdminLog @app_end [ RunTime:0.000163s ]
[ info ] [ LOG ] INIT File
[ sql ] [ DB ] CONNECT:[ UseTime:0.010225s ] mysql:host=127.0.0.1;dbname=xgrx;charset=utf8mb4
[ sql ] [ SQL ] SHOW COLUMNS FROM `fa_auth_group_access` [ RunTime:0.001007s ]
[ sql ] [ SQL ] SELECT `aga`.`uid`,`aga`.`group_id`,`ag`.`id`,`ag`.`pid`,`ag`.`name`,`ag`.`rules` FROM `fa_auth_group_access` `aga` LEFT JOIN `fa_auth_group` `ag` ON `aga`.`group_id`=`ag`.`id` WHERE  (  aga.uid='1' and ag.status='normal' ) [ RunTime:0.000824s ]
[ sql ] [ SQL ] SHOW COLUMNS FROM `fa_auth_rule` [ RunTime:0.000904s ]
[ sql ] [ SQL ] SELECT `id`,`pid`,`condition`,`icon`,`name`,`title`,`ismenu` FROM `fa_auth_rule` WHERE  `status` = 'normal' [ RunTime:0.000355s ]
---------------------------------------------------------------
[ 2020-12-10T14:17:04+08:00 ] 127.0.0.1 GET xgrx.test/admin11.php/ajax/lang?callback=define&controllername=information&lang=zh-cn&v=1607581024&v=1607581024
[运行时间：0.025955s] [吞吐率：38.53req/s] [内存消耗：4,051.77kb] [文件加载：130]
[ info ] [ BEHAVIOR ] Run Closure @app_init [ RunTime:0.000026s ]
[ info ] [ CACHE ] INIT File
[ info ] [ BEHAVIOR ] Run Closure @app_init [ RunTime:0.000978s ]
[ info ] [ LANG ] E:\waibao\xgrx\thinkphp\lang\zh-cn.php
[ info ] [ BEHAVIOR ] Run app\common\behavior\Common @app_dispatch [ RunTime:0.000215s ]
[ info ] [ ROUTE ] array (
  'type' => 'module',
  'module' => 
  array (
    0 => 'admin',
    1 => 'ajax',
    2 => 'lang',
  ),
)
[ info ] [ HEADER ] array (
  'cookie' => 'PHPSESSID=5078ci44lpau8kge0v99iu5b3v; think_var=zh-cn; keeplogin=1%7C86400%7C1607667420%7C24fa0f75ec579fcfed6077654178e619',
  'accept-language' => 'zh-CN,zh;q=0.9',
  'accept-encoding' => 'gzip, deflate',
  'accept' => '*/*',
  'user-agent' => 'Mozilla/5.0 (Windows NT 10.0; WOW64) AppleWebKit/537.36 (KHTML, like Gecko) Chrome/72.0.3626.81 Safari/537.36 SE 2.X MetaSr 1.0',
  'connection' => 'keep-alive',
  'host' => 'xgrx.test',
  'content-length' => '',
  'content-type' => '',
)
[ info ] [ PARAM ] array (
  'callback' => 'define',
  'controllername' => 'information',
  'lang' => 'zh-cn',
  'v' => '1607581024',
)
[ info ] [ LANG ] E:\waibao\xgrx\public/../application/admin\lang\zh-cn.php
[ info ] [ BEHAVIOR ] Run app\common\behavior\Common @module_init [ RunTime:0.001196s ]
[ info ] [ SESSION ] INIT array (
  'id' => '',
  'var_session_id' => '',
  'prefix' => 'think',
  'type' => '',
  'auto_start' => true,
)
[ info ] [ LANG ] E:\waibao\xgrx\public/../application/admin/lang/zh-cn/ajax.php
[ info ] [ RUN ] app\admin\controller\Ajax->lang[ E:\waibao\xgrx\application\admin\controller\Ajax.php ]
[ info ] [ LANG ] E:\waibao\xgrx\public/../application/admin/lang/zh-cn/information.php
[ info ] [ BEHAVIOR ] Run app\admin\behavior\AdminLog @app_end [ RunTime:0.000147s ]
[ info ] [ LOG ] INIT File
---------------------------------------------------------------
[ 2020-12-10T14:17:04+08:00 ] 127.0.0.1 POST xgrx.test/admin11.php/region/index
[运行时间：0.076319s] [吞吐率：13.10req/s] [内存消耗：5,110.79kb] [文件加载：138]
[ info ] [ BEHAVIOR ] Run Closure @app_init [ RunTime:0.000026s ]
[ info ] [ CACHE ] INIT File
[ info ] [ BEHAVIOR ] Run Closure @app_init [ RunTime:0.000983s ]
[ info ] [ LANG ] E:\waibao\xgrx\thinkphp\lang\zh-cn.php
[ info ] [ BEHAVIOR ] Run app\common\behavior\Common @app_dispatch [ RunTime:0.000211s ]
[ info ] [ ROUTE ] array (
  'type' => 'module',
  'module' => 
  array (
    0 => 'admin',
    1 => 'region',
    2 => 'index',
  ),
)
[ info ] [ HEADER ] array (
  'cookie' => 'PHPSESSID=5078ci44lpau8kge0v99iu5b3v; think_var=zh-cn; keeplogin=1%7C86400%7C1607667420%7C24fa0f75ec579fcfed6077654178e619',
  'accept-language' => 'zh-CN,zh;q=0.9',
  'accept-encoding' => 'gzip, deflate',
  'content-type' => 'application/x-www-form-urlencoded; charset=UTF-8',
  'user-agent' => 'Mozilla/5.0 (Windows NT 10.0; WOW64) AppleWebKit/537.36 (KHTML, like Gecko) Chrome/72.0.3626.81 Safari/537.36 SE 2.X MetaSr 1.0',
  'x-requested-with' => 'XMLHttpRequest',
  'origin' => 'http://xgrx.test',
  'accept' => 'application/json, text/javascript, */*; q=0.01',
  'content-length' => '190',
  'connection' => 'keep-alive',
  'host' => 'xgrx.test',
)
[ info ] [ PARAM ] array (
  'q_word' => 
  array (
    0 => '',
  ),
  'pageNumber' => '1',
  'pageSize' => '10',
  'andOr' => 'OR ',
  'orderBy' => 
  array (
    0 => 
    array (
      0 => 'name',
      1 => 'ASC',
    ),
  ),
  'searchTable' => 'tbl',
  'showField' => 'name',
  'keyField' => 'id',
  'searchField' => 
  array (
    0 => 'name',
  ),
  'name' => '',
  'custom' => 
  array (
    'level' => '1',
  ),
)
[ info ] [ LANG ] E:\waibao\xgrx\public/../application/admin\lang\zh-cn.php
[ info ] [ BEHAVIOR ] Run app\common\behavior\Common @module_init [ RunTime:0.000821s ]
[ info ] [ SESSION ] INIT array (
  'id' => '',
  'var_session_id' => '',
  'prefix' => 'think',
  'type' => '',
  'auto_start' => true,
)
[ info ] [ DB ] INIT mysql
[ info ] [ LANG ] E:\waibao\xgrx\public/../application/admin/lang/zh-cn/region.php
[ info ] [ RUN ] app\admin\controller\Region->index[ E:\waibao\xgrx\application\admin\controller\Region.php ]
[ info ] [ BEHAVIOR ] Run app\admin\behavior\AdminLog @app_end [ RunTime:0.000402s ]
[ info ] [ LOG ] INIT File
[ sql ] [ DB ] CONNECT:[ UseTime:0.010234s ] mysql:host=127.0.0.1;dbname=xgrx;charset=utf8mb4
[ sql ] [ SQL ] SHOW COLUMNS FROM `fa_auth_group_access` [ RunTime:0.001005s ]
[ sql ] [ SQL ] SELECT `aga`.`uid`,`aga`.`group_id`,`ag`.`id`,`ag`.`pid`,`ag`.`name`,`ag`.`rules` FROM `fa_auth_group_access` `aga` LEFT JOIN `fa_auth_group` `ag` ON `aga`.`group_id`=`ag`.`id` WHERE  (  aga.uid='1' and ag.status='normal' ) [ RunTime:0.000799s ]
[ sql ] [ SQL ] SHOW COLUMNS FROM `fa_auth_rule` [ RunTime:0.000933s ]
[ sql ] [ SQL ] SELECT `id`,`pid`,`condition`,`icon`,`name`,`title`,`ismenu` FROM `fa_auth_rule` WHERE  `status` = 'normal' [ RunTime:0.000331s ]
[ sql ] [ SQL ] SHOW COLUMNS FROM `fa_region` [ RunTime:0.002183s ]
[ sql ] [ SQL ] SELECT COUNT(*) AS tp_count FROM `fa_region` WHERE  (  `level` = 1 ) LIMIT 1 [ RunTime:0.019533s ]
[ sql ] [ SQL ] SELECT * FROM `fa_region` WHERE  (  `level` = 1 ) ORDER BY `name` ASC LIMIT 0,10 [ RunTime:0.001106s ]
---------------------------------------------------------------
[ 2020-12-10T14:17:06+08:00 ] 127.0.0.1 POST xgrx.test/admin11.php/region/index
[运行时间：0.062198s] [吞吐率：16.08req/s] [内存消耗：5,113.72kb] [文件加载：138]
[ info ] [ BEHAVIOR ] Run Closure @app_init [ RunTime:0.000026s ]
[ info ] [ CACHE ] INIT File
[ info ] [ BEHAVIOR ] Run Closure @app_init [ RunTime:0.000984s ]
[ info ] [ LANG ] E:\waibao\xgrx\thinkphp\lang\zh-cn.php
[ info ] [ BEHAVIOR ] Run app\common\behavior\Common @app_dispatch [ RunTime:0.000211s ]
[ info ] [ ROUTE ] array (
  'type' => 'module',
  'module' => 
  array (
    0 => 'admin',
    1 => 'region',
    2 => 'index',
  ),
)
[ info ] [ HEADER ] array (
  'cookie' => 'PHPSESSID=5078ci44lpau8kge0v99iu5b3v; think_var=zh-cn; keeplogin=1%7C86400%7C1607667420%7C24fa0f75ec579fcfed6077654178e619',
  'accept-language' => 'zh-CN,zh;q=0.9',
  'accept-encoding' => 'gzip, deflate',
  'content-type' => 'application/x-www-form-urlencoded; charset=UTF-8',
  'user-agent' => 'Mozilla/5.0 (Windows NT 10.0; WOW64) AppleWebKit/537.36 (KHTML, like Gecko) Chrome/72.0.3626.81 Safari/537.36 SE 2.X MetaSr 1.0',
  'x-requested-with' => 'XMLHttpRequest',
  'origin' => 'http://xgrx.test',
  'accept' => 'application/json, text/javascript, */*; q=0.01',
  'content-length' => '213',
  'connection' => 'keep-alive',
  'host' => 'xgrx.test',
)
[ info ] [ PARAM ] array (
  'q_word' => 
  array (
    0 => '',
  ),
  'pageNumber' => '1',
  'pageSize' => '10',
  'andOr' => 'OR ',
  'orderBy' => 
  array (
    0 => 
    array (
      0 => 'name',
      1 => 'ASC',
    ),
  ),
  'searchTable' => 'tbl',
  'showField' => 'name',
  'keyField' => 'id',
  'searchField' => 
  array (
    0 => 'name',
  ),
  'name' => '',
  'custom' => 
  array (
    'level' => '2',
    'pid' => '150000',
  ),
)
[ info ] [ LANG ] E:\waibao\xgrx\public/../application/admin\lang\zh-cn.php
[ info ] [ BEHAVIOR ] Run app\common\behavior\Common @module_init [ RunTime:0.000837s ]
[ info ] [ SESSION ] INIT array (
  'id' => '',
  'var_session_id' => '',
  'prefix' => 'think',
  'type' => '',
  'auto_start' => true,
)
[ info ] [ DB ] INIT mysql
[ info ] [ LANG ] E:\waibao\xgrx\public/../application/admin/lang/zh-cn/region.php
[ info ] [ RUN ] app\admin\controller\Region->index[ E:\waibao\xgrx\application\admin\controller\Region.php ]
[ info ] [ BEHAVIOR ] Run app\admin\behavior\AdminLog @app_end [ RunTime:0.000393s ]
[ info ] [ LOG ] INIT File
[ sql ] [ DB ] CONNECT:[ UseTime:0.010217s ] mysql:host=127.0.0.1;dbname=xgrx;charset=utf8mb4
[ sql ] [ SQL ] SHOW COLUMNS FROM `fa_auth_group_access` [ RunTime:0.001013s ]
[ sql ] [ SQL ] SELECT `aga`.`uid`,`aga`.`group_id`,`ag`.`id`,`ag`.`pid`,`ag`.`name`,`ag`.`rules` FROM `fa_auth_group_access` `aga` LEFT JOIN `fa_auth_group` `ag` ON `aga`.`group_id`=`ag`.`id` WHERE  (  aga.uid='1' and ag.status='normal' ) [ RunTime:0.000871s ]
[ sql ] [ SQL ] SHOW COLUMNS FROM `fa_auth_rule` [ RunTime:0.000996s ]
[ sql ] [ SQL ] SELECT `id`,`pid`,`condition`,`icon`,`name`,`title`,`ismenu` FROM `fa_auth_rule` WHERE  `status` = 'normal' [ RunTime:0.000391s ]
[ sql ] [ SQL ] SHOW COLUMNS FROM `fa_region` [ RunTime:0.001006s ]
[ sql ] [ SQL ] SELECT COUNT(*) AS tp_count FROM `fa_region` WHERE  (  `level` = 2  AND `pid` = 150000 ) LIMIT 1 [ RunTime:0.000955s ]
[ sql ] [ SQL ] SELECT * FROM `fa_region` WHERE  (  `level` = 2  AND `pid` = 150000 ) ORDER BY `name` ASC LIMIT 0,10 [ RunTime:0.001165s ]
---------------------------------------------------------------
[ 2020-12-10T14:17:07+08:00 ] 127.0.0.1 POST xgrx.test/admin11.php/category/selectpage
[运行时间：0.063010s] [吞吐率：15.87req/s] [内存消耗：5,156.13kb] [文件加载：139]
[ info ] [ BEHAVIOR ] Run Closure @app_init [ RunTime:0.000027s ]
[ info ] [ CACHE ] INIT File
[ info ] [ BEHAVIOR ] Run Closure @app_init [ RunTime:0.000974s ]
[ info ] [ LANG ] E:\waibao\xgrx\thinkphp\lang\zh-cn.php
[ info ] [ BEHAVIOR ] Run app\common\behavior\Common @app_dispatch [ RunTime:0.000210s ]
[ info ] [ ROUTE ] array (
  'type' => 'module',
  'module' => 
  array (
    0 => 'admin',
    1 => 'category',
    2 => 'selectpage',
  ),
)
[ info ] [ HEADER ] array (
  'cookie' => 'PHPSESSID=5078ci44lpau8kge0v99iu5b3v; think_var=zh-cn; keeplogin=1%7C86400%7C1607667420%7C24fa0f75ec579fcfed6077654178e619',
  'accept-language' => 'zh-CN,zh;q=0.9',
  'accept-encoding' => 'gzip, deflate',
  'content-type' => 'application/x-www-form-urlencoded; charset=UTF-8',
  'user-agent' => 'Mozilla/5.0 (Windows NT 10.0; WOW64) AppleWebKit/537.36 (KHTML, like Gecko) Chrome/72.0.3626.81 Safari/537.36 SE 2.X MetaSr 1.0',
  'x-requested-with' => 'XMLHttpRequest',
  'origin' => 'http://xgrx.test',
  'accept' => 'application/json, text/javascript, */*; q=0.01',
  'content-length' => '217',
  'connection' => 'keep-alive',
  'host' => 'xgrx.test',
)
[ info ] [ PARAM ] array (
  'q_word' => 
  array (
    0 => '',
  ),
  'pageNumber' => '1',
  'pageSize' => '10',
  'andOr' => 'OR ',
  'orderBy' => 
  array (
    0 => 
    array (
      0 => 'name',
      1 => 'ASC',
    ),
  ),
  'searchTable' => 'tbl',
  'showField' => 'name',
  'keyField' => 'id',
  'searchField' => 
  array (
    0 => 'name',
  ),
  'name' => '',
  'custom' => 
  array (
    'type' => 'information',
    'pid' => '0',
  ),
)
[ info ] [ LANG ] E:\waibao\xgrx\public/../application/admin\lang\zh-cn.php
[ info ] [ BEHAVIOR ] Run app\common\behavior\Common @module_init [ RunTime:0.000828s ]
[ info ] [ SESSION ] INIT array (
  'id' => '',
  'var_session_id' => '',
  'prefix' => 'think',
  'type' => '',
  'auto_start' => true,
)
[ info ] [ LANG ] E:\waibao\xgrx\public/../application/admin/lang/zh-cn/category.php
[ info ] [ DB ] INIT mysql
[ info ] [ RUN ] app\admin\controller\Category->selectpage[ E:\waibao\xgrx\application\admin\controller\Category.php ]
[ info ] [ BEHAVIOR ] Run app\admin\behavior\AdminLog @app_end [ RunTime:0.000408s ]
[ info ] [ LOG ] INIT File
[ sql ] [ DB ] CONNECT:[ UseTime:0.010062s ] mysql:host=127.0.0.1;dbname=xgrx;charset=utf8mb4
[ sql ] [ SQL ] SHOW COLUMNS FROM `fa_category` [ RunTime:0.003742s ]
[ sql ] [ SQL ] SELECT * FROM `fa_category` ORDER BY `weigh` DESC,`id` DESC [ RunTime:0.000380s ]
[ sql ] [ SQL ] SELECT COUNT(*) AS tp_count FROM `fa_category` WHERE  (  `type` = 'information'  AND `pid` = 0 ) LIMIT 1 [ RunTime:0.000644s ]
[ sql ] [ SQL ] SELECT * FROM `fa_category` WHERE  (  `type` = 'information'  AND `pid` = 0 ) ORDER BY `name` ASC LIMIT 0,10 [ RunTime:0.000347s ]
---------------------------------------------------------------
[ 2020-12-10T14:17:08+08:00 ] 127.0.0.1 POST xgrx.test/admin11.php/category/selectpage
[运行时间：0.061279s] [吞吐率：16.32req/s] [内存消耗：5,155.57kb] [文件加载：139]
[ info ] [ BEHAVIOR ] Run Closure @app_init [ RunTime:0.000026s ]
[ info ] [ CACHE ] INIT File
[ info ] [ BEHAVIOR ] Run Closure @app_init [ RunTime:0.000976s ]
[ info ] [ LANG ] E:\waibao\xgrx\thinkphp\lang\zh-cn.php
[ info ] [ BEHAVIOR ] Run app\common\behavior\Common @app_dispatch [ RunTime:0.000210s ]
[ info ] [ ROUTE ] array (
  'type' => 'module',
  'module' => 
  array (
    0 => 'admin',
    1 => 'category',
    2 => 'selectpage',
  ),
)
[ info ] [ HEADER ] array (
  'cookie' => 'PHPSESSID=5078ci44lpau8kge0v99iu5b3v; think_var=zh-cn; keeplogin=1%7C86400%7C1607667420%7C24fa0f75ec579fcfed6077654178e619',
  'accept-language' => 'zh-CN,zh;q=0.9',
  'accept-encoding' => 'gzip, deflate',
  'content-type' => 'application/x-www-form-urlencoded; charset=UTF-8',
  'user-agent' => 'Mozilla/5.0 (Windows NT 10.0; WOW64) AppleWebKit/537.36 (KHTML, like Gecko) Chrome/72.0.3626.81 Safari/537.36 SE 2.X MetaSr 1.0',
  'x-requested-with' => 'XMLHttpRequest',
  'origin' => 'http://xgrx.test',
  'accept' => 'application/json, text/javascript, */*; q=0.01',
  'content-length' => '218',
  'connection' => 'keep-alive',
  'host' => 'xgrx.test',
)
[ info ] [ PARAM ] array (
  'q_word' => 
  array (
    0 => '',
  ),
  'pageNumber' => '1',
  'pageSize' => '10',
  'andOr' => 'OR ',
  'orderBy' => 
  array (
    0 => 
    array (
      0 => 'name',
      1 => 'ASC',
    ),
  ),
  'searchTable' => 'tbl',
  'showField' => 'name',
  'keyField' => 'id',
  'searchField' => 
  array (
    0 => 'name',
  ),
  'name' => '',
  'custom' => 
  array (
    'type' => 'information',
    'pid' => '14',
  ),
)
[ info ] [ LANG ] E:\waibao\xgrx\public/../application/admin\lang\zh-cn.php
[ info ] [ BEHAVIOR ] Run app\common\behavior\Common @module_init [ RunTime:0.000828s ]
[ info ] [ SESSION ] INIT array (
  'id' => '',
  'var_session_id' => '',
  'prefix' => 'think',
  'type' => '',
  'auto_start' => true,
)
[ info ] [ LANG ] E:\waibao\xgrx\public/../application/admin/lang/zh-cn/category.php
[ info ] [ DB ] INIT mysql
[ info ] [ RUN ] app\admin\controller\Category->selectpage[ E:\waibao\xgrx\application\admin\controller\Category.php ]
[ info ] [ BEHAVIOR ] Run app\admin\behavior\AdminLog @app_end [ RunTime:0.000406s ]
[ info ] [ LOG ] INIT File
[ sql ] [ DB ] CONNECT:[ UseTime:0.010505s ] mysql:host=127.0.0.1;dbname=xgrx;charset=utf8mb4
[ sql ] [ SQL ] SHOW COLUMNS FROM `fa_category` [ RunTime:0.001183s ]
[ sql ] [ SQL ] SELECT * FROM `fa_category` ORDER BY `weigh` DESC,`id` DESC [ RunTime:0.000389s ]
[ sql ] [ SQL ] SELECT COUNT(*) AS tp_count FROM `fa_category` WHERE  (  `type` = 'information'  AND `pid` = 14 ) LIMIT 1 [ RunTime:0.000376s ]
[ sql ] [ SQL ] SELECT * FROM `fa_category` WHERE  (  `type` = 'information'  AND `pid` = 14 ) ORDER BY `name` ASC LIMIT 0,10 [ RunTime:0.000386s ]
---------------------------------------------------------------
[ 2020-12-10T14:17:09+08:00 ] 127.0.0.1 POST xgrx.test/admin11.php/category/selectpage
[运行时间：0.064044s] [吞吐率：15.61req/s] [内存消耗：5,156.13kb] [文件加载：139]
[ info ] [ BEHAVIOR ] Run Closure @app_init [ RunTime:0.000028s ]
[ info ] [ CACHE ] INIT File
[ info ] [ BEHAVIOR ] Run Closure @app_init [ RunTime:0.000985s ]
[ info ] [ LANG ] E:\waibao\xgrx\thinkphp\lang\zh-cn.php
[ info ] [ BEHAVIOR ] Run app\common\behavior\Common @app_dispatch [ RunTime:0.000211s ]
[ info ] [ ROUTE ] array (
  'type' => 'module',
  'module' => 
  array (
    0 => 'admin',
    1 => 'category',
    2 => 'selectpage',
  ),
)
[ info ] [ HEADER ] array (
  'cookie' => 'PHPSESSID=5078ci44lpau8kge0v99iu5b3v; think_var=zh-cn; keeplogin=1%7C86400%7C1607667420%7C24fa0f75ec579fcfed6077654178e619',
  'accept-language' => 'zh-CN,zh;q=0.9',
  'accept-encoding' => 'gzip, deflate',
  'content-type' => 'application/x-www-form-urlencoded; charset=UTF-8',
  'user-agent' => 'Mozilla/5.0 (Windows NT 10.0; WOW64) AppleWebKit/537.36 (KHTML, like Gecko) Chrome/72.0.3626.81 Safari/537.36 SE 2.X MetaSr 1.0',
  'x-requested-with' => 'XMLHttpRequest',
  'origin' => 'http://xgrx.test',
  'accept' => 'application/json, text/javascript, */*; q=0.01',
  'content-length' => '217',
  'connection' => 'keep-alive',
  'host' => 'xgrx.test',
)
[ info ] [ PARAM ] array (
  'q_word' => 
  array (
    0 => '',
  ),
  'pageNumber' => '1',
  'pageSize' => '10',
  'andOr' => 'OR ',
  'orderBy' => 
  array (
    0 => 
    array (
      0 => 'name',
      1 => 'ASC',
    ),
  ),
  'searchTable' => 'tbl',
  'showField' => 'name',
  'keyField' => 'id',
  'searchField' => 
  array (
    0 => 'name',
  ),
  'name' => '',
  'custom' => 
  array (
    'type' => 'information',
    'pid' => '0',
  ),
)
[ info ] [ LANG ] E:\waibao\xgrx\public/../application/admin\lang\zh-cn.php
[ info ] [ BEHAVIOR ] Run app\common\behavior\Common @module_init [ RunTime:0.000834s ]
[ info ] [ SESSION ] INIT array (
  'id' => '',
  'var_session_id' => '',
  'prefix' => 'think',
  'type' => '',
  'auto_start' => true,
)
[ info ] [ LANG ] E:\waibao\xgrx\public/../application/admin/lang/zh-cn/category.php
[ info ] [ DB ] INIT mysql
[ info ] [ RUN ] app\admin\controller\Category->selectpage[ E:\waibao\xgrx\application\admin\controller\Category.php ]
[ info ] [ BEHAVIOR ] Run app\admin\behavior\AdminLog @app_end [ RunTime:0.000414s ]
[ info ] [ LOG ] INIT File
[ sql ] [ DB ] CONNECT:[ UseTime:0.011227s ] mysql:host=127.0.0.1;dbname=xgrx;charset=utf8mb4
[ sql ] [ SQL ] SHOW COLUMNS FROM `fa_category` [ RunTime:0.001196s ]
[ sql ] [ SQL ] SELECT * FROM `fa_category` ORDER BY `weigh` DESC,`id` DESC [ RunTime:0.000399s ]
[ sql ] [ SQL ] SELECT COUNT(*) AS tp_count FROM `fa_category` WHERE  (  `type` = 'information'  AND `pid` = 0 ) LIMIT 1 [ RunTime:0.000414s ]
[ sql ] [ SQL ] SELECT * FROM `fa_category` WHERE  (  `type` = 'information'  AND `pid` = 0 ) ORDER BY `name` ASC LIMIT 0,10 [ RunTime:0.000350s ]
---------------------------------------------------------------
[ 2020-12-10T14:17:10+08:00 ] 127.0.0.1 POST xgrx.test/admin11.php/category/selectpage
[运行时间：0.070025s] [吞吐率：14.28req/s] [内存消耗：5,156.14kb] [文件加载：139]
[ info ] [ BEHAVIOR ] Run Closure @app_init [ RunTime:0.000026s ]
[ info ] [ CACHE ] INIT File
[ info ] [ BEHAVIOR ] Run Closure @app_init [ RunTime:0.000983s ]
[ info ] [ LANG ] E:\waibao\xgrx\thinkphp\lang\zh-cn.php
[ info ] [ BEHAVIOR ] Run app\common\behavior\Common @app_dispatch [ RunTime:0.000211s ]
[ info ] [ ROUTE ] array (
  'type' => 'module',
  'module' => 
  array (
    0 => 'admin',
    1 => 'category',
    2 => 'selectpage',
  ),
)
[ info ] [ HEADER ] array (
  'cookie' => 'PHPSESSID=5078ci44lpau8kge0v99iu5b3v; think_var=zh-cn; keeplogin=1%7C86400%7C1607667420%7C24fa0f75ec579fcfed6077654178e619',
  'accept-language' => 'zh-CN,zh;q=0.9',
  'accept-encoding' => 'gzip, deflate',
  'content-type' => 'application/x-www-form-urlencoded; charset=UTF-8',
  'user-agent' => 'Mozilla/5.0 (Windows NT 10.0; WOW64) AppleWebKit/537.36 (KHTML, like Gecko) Chrome/72.0.3626.81 Safari/537.36 SE 2.X MetaSr 1.0',
  'x-requested-with' => 'XMLHttpRequest',
  'origin' => 'http://xgrx.test',
  'accept' => 'application/json, text/javascript, */*; q=0.01',
  'content-length' => '218',
  'connection' => 'keep-alive',
  'host' => 'xgrx.test',
)
[ info ] [ PARAM ] array (
  'q_word' => 
  array (
    0 => '',
  ),
  'pageNumber' => '1',
  'pageSize' => '10',
  'andOr' => 'OR ',
  'orderBy' => 
  array (
    0 => 
    array (
      0 => 'name',
      1 => 'ASC',
    ),
  ),
  'searchTable' => 'tbl',
  'showField' => 'name',
  'keyField' => 'id',
  'searchField' => 
  array (
    0 => 'name',
  ),
  'name' => '',
  'custom' => 
  array (
    'type' => 'information',
    'pid' => '16',
  ),
)
[ info ] [ LANG ] E:\waibao\xgrx\public/../application/admin\lang\zh-cn.php
[ info ] [ BEHAVIOR ] Run app\common\behavior\Common @module_init [ RunTime:0.000830s ]
[ info ] [ SESSION ] INIT array (
  'id' => '',
  'var_session_id' => '',
  'prefix' => 'think',
  'type' => '',
  'auto_start' => true,
)
[ info ] [ LANG ] E:\waibao\xgrx\public/../application/admin/lang/zh-cn/category.php
[ info ] [ DB ] INIT mysql
[ info ] [ RUN ] app\admin\controller\Category->selectpage[ E:\waibao\xgrx\application\admin\controller\Category.php ]
[ info ] [ BEHAVIOR ] Run app\admin\behavior\AdminLog @app_end [ RunTime:0.000414s ]
[ info ] [ LOG ] INIT File
[ sql ] [ DB ] CONNECT:[ UseTime:0.010893s ] mysql:host=127.0.0.1;dbname=xgrx;charset=utf8mb4
[ sql ] [ SQL ] SHOW COLUMNS FROM `fa_category` [ RunTime:0.001141s ]
[ sql ] [ SQL ] SELECT * FROM `fa_category` ORDER BY `weigh` DESC,`id` DESC [ RunTime:0.000352s ]
[ sql ] [ SQL ] SELECT COUNT(*) AS tp_count FROM `fa_category` WHERE  (  `type` = 'information'  AND `pid` = 16 ) LIMIT 1 [ RunTime:0.000410s ]
[ sql ] [ SQL ] SELECT * FROM `fa_category` WHERE  (  `type` = 'information'  AND `pid` = 16 ) ORDER BY `name` ASC LIMIT 0,10 [ RunTime:0.000380s ]
---------------------------------------------------------------
[ 2020-12-10T14:17:19+08:00 ] 127.0.0.1 GET xgrx.test/admin11.php/information/%E5%B0%91%E6%97%B6%E8%AF%B5%E8%AF%97%E4%B9%A6%E6%89%80%E6%89%80
[运行时间：0.050028s] [吞吐率：19.99req/s] [内存消耗：5,104.87kb] [文件加载：138]
[ info ] [ BEHAVIOR ] Run Closure @app_init [ RunTime:0.000026s ]
[ info ] [ CACHE ] INIT File
[ info ] [ BEHAVIOR ] Run Closure @app_init [ RunTime:0.000989s ]
[ info ] [ LANG ] E:\waibao\xgrx\thinkphp\lang\zh-cn.php
[ info ] [ BEHAVIOR ] Run app\common\behavior\Common @app_dispatch [ RunTime:0.000210s ]
[ info ] [ ROUTE ] array (
  'type' => 'module',
  'module' => 
  array (
    0 => 'admin',
    1 => 'information',
    2 => '少时诵诗书所所',
  ),
)
[ info ] [ HEADER ] array (
  'cookie' => 'PHPSESSID=5078ci44lpau8kge0v99iu5b3v; think_var=zh-cn; keeplogin=1%7C86400%7C1607667420%7C24fa0f75ec579fcfed6077654178e619',
  'accept-language' => 'zh-CN,zh;q=0.9',
  'accept-encoding' => 'gzip, deflate',
  'accept' => 'image/webp,image/apng,image/*,*/*;q=0.8',
  'user-agent' => 'Mozilla/5.0 (Windows NT 10.0; WOW64) AppleWebKit/537.36 (KHTML, like Gecko) Chrome/72.0.3626.81 Safari/537.36 SE 2.X MetaSr 1.0',
  'connection' => 'keep-alive',
  'host' => 'xgrx.test',
  'content-length' => '',
  'content-type' => '',
)
[ info ] [ PARAM ] array (
)
[ info ] [ LANG ] E:\waibao\xgrx\public/../application/admin\lang\zh-cn.php
[ info ] [ BEHAVIOR ] Run app\common\behavior\Common @module_init [ RunTime:0.000844s ]
[ info ] [ SESSION ] INIT array (
  'id' => '',
  'var_session_id' => '',
  'prefix' => 'think',
  'type' => '',
  'auto_start' => true,
)
[ info ] [ DB ] INIT mysql
[ info ] [ LANG ] E:\waibao\xgrx\public/../application/admin/lang/zh-cn/information.php
[ info ] [ LOG ] INIT File
[ sql ] [ DB ] CONNECT:[ UseTime:0.011434s ] mysql:host=127.0.0.1;dbname=xgrx;charset=utf8mb4
[ sql ] [ SQL ] SHOW COLUMNS FROM `fa_auth_group_access` [ RunTime:0.001052s ]
[ sql ] [ SQL ] SELECT `aga`.`uid`,`aga`.`group_id`,`ag`.`id`,`ag`.`pid`,`ag`.`name`,`ag`.`rules` FROM `fa_auth_group_access` `aga` LEFT JOIN `fa_auth_group` `ag` ON `aga`.`group_id`=`ag`.`id` WHERE  (  aga.uid='1' and ag.status='normal' ) [ RunTime:0.000839s ]
[ sql ] [ SQL ] SHOW COLUMNS FROM `fa_auth_rule` [ RunTime:0.000946s ]
[ sql ] [ SQL ] SELECT `id`,`pid`,`condition`,`icon`,`name`,`title`,`ismenu` FROM `fa_auth_rule` WHERE  `status` = 'normal' [ RunTime:0.000364s ]
---------------------------------------------------------------
[ 2020-12-10T14:17:19+08:00 ] 127.0.0.1 GET xgrx.test/admin11.php/ajax/icon?suffix=file
[运行时间：0.035941s] [吞吐率：27.82req/s] [内存消耗：3,994.39kb] [文件加载：125]
[ info ] [ BEHAVIOR ] Run Closure @app_init [ RunTime:0.000027s ]
[ info ] [ CACHE ] INIT File
[ info ] [ BEHAVIOR ] Run Closure @app_init [ RunTime:0.000985s ]
[ info ] [ LANG ] E:\waibao\xgrx\thinkphp\lang\zh-cn.php
[ info ] [ BEHAVIOR ] Run app\common\behavior\Common @app_dispatch [ RunTime:0.000210s ]
[ info ] [ ROUTE ] array (
  'type' => 'module',
  'module' => 
  array (
    0 => 'admin',
    1 => 'ajax',
    2 => 'icon',
  ),
)
[ info ] [ HEADER ] array (
  'cookie' => 'PHPSESSID=5078ci44lpau8kge0v99iu5b3v; think_var=zh-cn; keeplogin=1%7C86400%7C1607667420%7C24fa0f75ec579fcfed6077654178e619',
  'accept-language' => 'zh-CN,zh;q=0.9',
  'accept-encoding' => 'gzip, deflate',
  'accept' => 'image/webp,image/apng,image/*,*/*;q=0.8',
  'user-agent' => 'Mozilla/5.0 (Windows NT 10.0; WOW64) AppleWebKit/537.36 (KHTML, like Gecko) Chrome/72.0.3626.81 Safari/537.36 SE 2.X MetaSr 1.0',
  'connection' => 'keep-alive',
  'host' => 'xgrx.test',
  'content-length' => '',
  'content-type' => '',
)
[ info ] [ PARAM ] array (
  'suffix' => 'file',
)
[ info ] [ LANG ] E:\waibao\xgrx\public/../application/admin\lang\zh-cn.php
[ info ] [ BEHAVIOR ] Run app\common\behavior\Common @module_init [ RunTime:0.000843s ]
[ info ] [ SESSION ] INIT array (
  'id' => '',
  'var_session_id' => '',
  'prefix' => 'think',
  'type' => '',
  'auto_start' => true,
)
[ info ] [ LANG ] E:\waibao\xgrx\public/../application/admin/lang/zh-cn/ajax.php
[ info ] [ RUN ] app\admin\controller\Ajax->icon[ E:\waibao\xgrx\application\admin\controller\Ajax.php ]
[ info ] [ LOG ] INIT File
---------------------------------------------------------------
[ 2020-12-10T14:17:19+08:00 ] 127.0.0.1 GET xgrx.test/admin11.php/information/%E5%B0%91%E6%97%B6%E8%AF%B5%E8%AF%97%E4%B9%A6%E6%89%80%E6%89%80
[运行时间：0.046513s] [吞吐率：21.50req/s] [内存消耗：5,104.87kb] [文件加载：138]
[ info ] [ BEHAVIOR ] Run Closure @app_init [ RunTime:0.000025s ]
[ info ] [ CACHE ] INIT File
[ info ] [ BEHAVIOR ] Run Closure @app_init [ RunTime:0.001038s ]
[ info ] [ LANG ] E:\waibao\xgrx\thinkphp\lang\zh-cn.php
[ info ] [ BEHAVIOR ] Run app\common\behavior\Common @app_dispatch [ RunTime:0.000227s ]
[ info ] [ ROUTE ] array (
  'type' => 'module',
  'module' => 
  array (
    0 => 'admin',
    1 => 'information',
    2 => '少时诵诗书所所',
  ),
)
[ info ] [ HEADER ] array (
  'cookie' => 'PHPSESSID=5078ci44lpau8kge0v99iu5b3v; think_var=zh-cn; keeplogin=1%7C86400%7C1607667420%7C24fa0f75ec579fcfed6077654178e619',
  'accept-language' => 'zh-CN,zh;q=0.9',
  'accept-encoding' => 'gzip, deflate',
  'accept' => 'image/webp,image/apng,image/*,*/*;q=0.8',
  'user-agent' => 'Mozilla/5.0 (Windows NT 10.0; WOW64) AppleWebKit/537.36 (KHTML, like Gecko) Chrome/72.0.3626.81 Safari/537.36 SE 2.X MetaSr 1.0',
  'connection' => 'keep-alive',
  'host' => 'xgrx.test',
  'content-length' => '',
  'content-type' => '',
)
[ info ] [ PARAM ] array (
)
[ info ] [ LANG ] E:\waibao\xgrx\public/../application/admin\lang\zh-cn.php
[ info ] [ BEHAVIOR ] Run app\common\behavior\Common @module_init [ RunTime:0.000880s ]
[ info ] [ SESSION ] INIT array (
  'id' => '',
  'var_session_id' => '',
  'prefix' => 'think',
  'type' => '',
  'auto_start' => true,
)
[ info ] [ DB ] INIT mysql
[ info ] [ LANG ] E:\waibao\xgrx\public/../application/admin/lang/zh-cn/information.php
[ info ] [ LOG ] INIT File
[ sql ] [ DB ] CONNECT:[ UseTime:0.010947s ] mysql:host=127.0.0.1;dbname=xgrx;charset=utf8mb4
[ sql ] [ SQL ] SHOW COLUMNS FROM `fa_auth_group_access` [ RunTime:0.001132s ]
[ sql ] [ SQL ] SELECT `aga`.`uid`,`aga`.`group_id`,`ag`.`id`,`ag`.`pid`,`ag`.`name`,`ag`.`rules` FROM `fa_auth_group_access` `aga` LEFT JOIN `fa_auth_group` `ag` ON `aga`.`group_id`=`ag`.`id` WHERE  (  aga.uid='1' and ag.status='normal' ) [ RunTime:0.000884s ]
[ sql ] [ SQL ] SHOW COLUMNS FROM `fa_auth_rule` [ RunTime:0.001035s ]
[ sql ] [ SQL ] SELECT `id`,`pid`,`condition`,`icon`,`name`,`title`,`ismenu` FROM `fa_auth_rule` WHERE  `status` = 'normal' [ RunTime:0.000397s ]
---------------------------------------------------------------
[ 2020-12-10T14:17:19+08:00 ] 127.0.0.1 GET xgrx.test/admin11.php/ajax/icon?suffix=file
[运行时间：0.025180s] [吞吐率：39.71req/s] [内存消耗：3,994.39kb] [文件加载：125]
[ info ] [ BEHAVIOR ] Run Closure @app_init [ RunTime:0.000027s ]
[ info ] [ CACHE ] INIT File
[ info ] [ BEHAVIOR ] Run Closure @app_init [ RunTime:0.000984s ]
[ info ] [ LANG ] E:\waibao\xgrx\thinkphp\lang\zh-cn.php
[ info ] [ BEHAVIOR ] Run app\common\behavior\Common @app_dispatch [ RunTime:0.000213s ]
[ info ] [ ROUTE ] array (
  'type' => 'module',
  'module' => 
  array (
    0 => 'admin',
    1 => 'ajax',
    2 => 'icon',
  ),
)
[ info ] [ HEADER ] array (
  'cookie' => 'PHPSESSID=5078ci44lpau8kge0v99iu5b3v; think_var=zh-cn; keeplogin=1%7C86400%7C1607667420%7C24fa0f75ec579fcfed6077654178e619',
  'accept-language' => 'zh-CN,zh;q=0.9',
  'accept-encoding' => 'gzip, deflate',
  'accept' => 'image/webp,image/apng,image/*,*/*;q=0.8',
  'user-agent' => 'Mozilla/5.0 (Windows NT 10.0; WOW64) AppleWebKit/537.36 (KHTML, like Gecko) Chrome/72.0.3626.81 Safari/537.36 SE 2.X MetaSr 1.0',
  'connection' => 'keep-alive',
  'host' => 'xgrx.test',
  'content-length' => '',
  'content-type' => '',
)
[ info ] [ PARAM ] array (
  'suffix' => 'file',
)
[ info ] [ LANG ] E:\waibao\xgrx\public/../application/admin\lang\zh-cn.php
[ info ] [ BEHAVIOR ] Run app\common\behavior\Common @module_init [ RunTime:0.000845s ]
[ info ] [ SESSION ] INIT array (
  'id' => '',
  'var_session_id' => '',
  'prefix' => 'think',
  'type' => '',
  'auto_start' => true,
)
[ info ] [ LANG ] E:\waibao\xgrx\public/../application/admin/lang/zh-cn/ajax.php
[ info ] [ RUN ] app\admin\controller\Ajax->icon[ E:\waibao\xgrx\application\admin\controller\Ajax.php ]
[ info ] [ LOG ] INIT File
---------------------------------------------------------------
[ 2020-12-10T14:17:25+08:00 ] 127.0.0.1 GET xgrx.test/admin11.php/general/attachment/select?element_id=fachoose-images&multiple=true&mimetype=image/*&admin_id=&user_id=&dialog=1
[运行时间：0.045520s] [吞吐率：21.97req/s] [内存消耗：5,233.99kb] [文件加载：138]
[ info ] [ BEHAVIOR ] Run Closure @app_init [ RunTime:0.000027s ]
[ info ] [ CACHE ] INIT File
[ info ] [ BEHAVIOR ] Run Closure @app_init [ RunTime:0.000967s ]
[ info ] [ LANG ] E:\waibao\xgrx\thinkphp\lang\zh-cn.php
[ info ] [ BEHAVIOR ] Run app\common\behavior\Common @app_dispatch [ RunTime:0.000208s ]
[ info ] [ ROUTE ] array (
  'type' => 'module',
  'module' => 
  array (
    0 => 'admin',
    1 => 'general.attachment',
    2 => 'select',
  ),
)
[ info ] [ HEADER ] array (
  'cookie' => 'PHPSESSID=5078ci44lpau8kge0v99iu5b3v; think_var=zh-cn; keeplogin=1%7C86400%7C1607667420%7C24fa0f75ec579fcfed6077654178e619',
  'accept-language' => 'zh-CN,zh;q=0.9',
  'accept-encoding' => 'gzip, deflate',
  'accept' => 'text/html,application/xhtml+xml,application/xml;q=0.9,image/webp,image/apng,*/*;q=0.8',
  'user-agent' => 'Mozilla/5.0 (Windows NT 10.0; WOW64) AppleWebKit/537.36 (KHTML, like Gecko) Chrome/72.0.3626.81 Safari/537.36 SE 2.X MetaSr 1.0',
  'upgrade-insecure-requests' => '1',
  'connection' => 'keep-alive',
  'host' => 'xgrx.test',
  'content-length' => '',
  'content-type' => '',
)
[ info ] [ PARAM ] array (
  'element_id' => 'fachoose-images',
  'multiple' => 'true',
  'mimetype' => 'image/*',
  'admin_id' => '',
  'user_id' => '',
  'dialog' => '1',
)
[ info ] [ LANG ] E:\waibao\xgrx\public/../application/admin\lang\zh-cn.php
[ info ] [ BEHAVIOR ] Run app\common\behavior\Common @module_init [ RunTime:0.000915s ]
[ info ] [ SESSION ] INIT array (
  'id' => '',
  'var_session_id' => '',
  'prefix' => 'think',
  'type' => '',
  'auto_start' => true,
)
[ info ] [ DB ] INIT mysql
[ info ] [ LANG ] E:\waibao\xgrx\public/../application/admin/lang/zh-cn/general/attachment.php
[ info ] [ RUN ] app\admin\controller\general\Attachment->select[ E:\waibao\xgrx\application\admin\controller\general\Attachment.php ]
[ info ] [ VIEW ] E:\waibao\xgrx\public/../application/admin\view\general\attachment\select.html [ array (
  0 => 'breadcrumb',
  1 => 'site',
  2 => 'config',
  3 => 'auth',
  4 => 'admin',
  5 => 'mimetypeList',
) ]
[ info ] [ BEHAVIOR ] Run app\admin\behavior\AdminLog @app_end [ RunTime:0.000147s ]
[ info ] [ LOG ] INIT File
[ sql ] [ DB ] CONNECT:[ UseTime:0.000820s ] mysql:host=127.0.0.1;dbname=xgrx;charset=utf8mb4
[ sql ] [ SQL ] SHOW COLUMNS FROM `fa_auth_group_access` [ RunTime:0.001098s ]
[ sql ] [ SQL ] SELECT `aga`.`uid`,`aga`.`group_id`,`ag`.`id`,`ag`.`pid`,`ag`.`name`,`ag`.`rules` FROM `fa_auth_group_access` `aga` LEFT JOIN `fa_auth_group` `ag` ON `aga`.`group_id`=`ag`.`id` WHERE  (  aga.uid='1' and ag.status='normal' ) [ RunTime:0.000762s ]
[ sql ] [ SQL ] SHOW COLUMNS FROM `fa_auth_rule` [ RunTime:0.000859s ]
[ sql ] [ SQL ] SELECT `id`,`pid`,`condition`,`icon`,`name`,`title`,`ismenu` FROM `fa_auth_rule` WHERE  `status` = 'normal' [ RunTime:0.000359s ]
---------------------------------------------------------------
[ 2020-12-10T14:17:25+08:00 ] 127.0.0.1 GET xgrx.test/admin11.php/ajax/lang?callback=define&controllername=general.attachment&lang=zh-cn&v=1607581045&v=1607581045
[运行时间：0.034819s] [吞吐率：28.72req/s] [内存消耗：4,052.70kb] [文件加载：130]
[ info ] [ BEHAVIOR ] Run Closure @app_init [ RunTime:0.000029s ]
[ info ] [ CACHE ] INIT File
[ info ] [ BEHAVIOR ] Run Closure @app_init [ RunTime:0.001001s ]
[ info ] [ LANG ] E:\waibao\xgrx\thinkphp\lang\zh-cn.php
[ info ] [ BEHAVIOR ] Run app\common\behavior\Common @app_dispatch [ RunTime:0.000211s ]
[ info ] [ ROUTE ] array (
  'type' => 'module',
  'module' => 
  array (
    0 => 'admin',
    1 => 'ajax',
    2 => 'lang',
  ),
)
[ info ] [ HEADER ] array (
  'cookie' => 'PHPSESSID=5078ci44lpau8kge0v99iu5b3v; think_var=zh-cn; keeplogin=1%7C86400%7C1607667420%7C24fa0f75ec579fcfed6077654178e619',
  'accept-language' => 'zh-CN,zh;q=0.9',
  'accept-encoding' => 'gzip, deflate',
  'accept' => '*/*',
  'user-agent' => 'Mozilla/5.0 (Windows NT 10.0; WOW64) AppleWebKit/537.36 (KHTML, like Gecko) Chrome/72.0.3626.81 Safari/537.36 SE 2.X MetaSr 1.0',
  'connection' => 'keep-alive',
  'host' => 'xgrx.test',
  'content-length' => '',
  'content-type' => '',
)
[ info ] [ PARAM ] array (
  'callback' => 'define',
  'controllername' => 'general.attachment',
  'lang' => 'zh-cn',
  'v' => '1607581045',
)
[ info ] [ LANG ] E:\waibao\xgrx\public/../application/admin\lang\zh-cn.php
[ info ] [ BEHAVIOR ] Run app\common\behavior\Common @module_init [ RunTime:0.001134s ]
[ info ] [ SESSION ] INIT array (
  'id' => '',
  'var_session_id' => '',
  'prefix' => 'think',
  'type' => '',
  'auto_start' => true,
)
[ info ] [ LANG ] E:\waibao\xgrx\public/../application/admin/lang/zh-cn/ajax.php
[ info ] [ RUN ] app\admin\controller\Ajax->lang[ E:\waibao\xgrx\application\admin\controller\Ajax.php ]
[ info ] [ LANG ] E:\waibao\xgrx\public/../application/admin/lang/zh-cn/general/attachment.php
[ info ] [ BEHAVIOR ] Run app\admin\behavior\AdminLog @app_end [ RunTime:0.000156s ]
[ info ] [ LOG ] INIT File
---------------------------------------------------------------
[ 2020-12-10T14:17:26+08:00 ] 127.0.0.1 GET xgrx.test/admin11.php/general/attachment/select?sort=id&order=desc&offset=0&limit=10&filter=%7B%22mimetype%22%3A%22image%22%7D&op=%7B%22mimetype%22%3A%22LIKE+%25...%25%22%7D&_=1607581045904
[运行时间：0.062904s] [吞吐率：15.90req/s] [内存消耗：5,165.26kb] [文件加载：139]
[ info ] [ BEHAVIOR ] Run Closure @app_init [ RunTime:0.000028s ]
[ info ] [ CACHE ] INIT File
[ info ] [ BEHAVIOR ] Run Closure @app_init [ RunTime:0.000998s ]
[ info ] [ LANG ] E:\waibao\xgrx\thinkphp\lang\zh-cn.php
[ info ] [ BEHAVIOR ] Run app\common\behavior\Common @app_dispatch [ RunTime:0.000211s ]
[ info ] [ ROUTE ] array (
  'type' => 'module',
  'module' => 
  array (
    0 => 'admin',
    1 => 'general.attachment',
    2 => 'select',
  ),
)
[ info ] [ HEADER ] array (
  'cookie' => 'PHPSESSID=5078ci44lpau8kge0v99iu5b3v; think_var=zh-cn; keeplogin=1%7C86400%7C1607667420%7C24fa0f75ec579fcfed6077654178e619',
  'accept-language' => 'zh-CN,zh;q=0.9',
  'accept-encoding' => 'gzip, deflate',
  'content-type' => 'application/json',
  'user-agent' => 'Mozilla/5.0 (Windows NT 10.0; WOW64) AppleWebKit/537.36 (KHTML, like Gecko) Chrome/72.0.3626.81 Safari/537.36 SE 2.X MetaSr 1.0',
  'x-requested-with' => 'XMLHttpRequest',
  'accept' => 'application/json, text/javascript, */*; q=0.01',
  'connection' => 'keep-alive',
  'host' => 'xgrx.test',
  'content-length' => '',
)
[ info ] [ PARAM ] array (
  'sort' => 'id',
  'order' => 'desc',
  'offset' => '0',
  'limit' => '10',
  'filter' => '{"mimetype":"image"}',
  'op' => '{"mimetype":"LIKE %...%"}',
  '_' => '1607581045904',
)
[ info ] [ LANG ] E:\waibao\xgrx\public/../application/admin\lang\zh-cn.php
[ info ] [ BEHAVIOR ] Run app\common\behavior\Common @module_init [ RunTime:0.000829s ]
[ info ] [ SESSION ] INIT array (
  'id' => '',
  'var_session_id' => '',
  'prefix' => 'think',
  'type' => '',
  'auto_start' => true,
)
[ info ] [ DB ] INIT mysql
[ info ] [ LANG ] E:\waibao\xgrx\public/../application/admin/lang/zh-cn/general/attachment.php
[ info ] [ RUN ] app\admin\controller\general\Attachment->select[ E:\waibao\xgrx\application\admin\controller\general\Attachment.php ]
[ info ] [ BEHAVIOR ] Run app\admin\behavior\AdminLog @app_end [ RunTime:0.000149s ]
[ info ] [ LOG ] INIT File
[ sql ] [ DB ] CONNECT:[ UseTime:0.011100s ] mysql:host=127.0.0.1;dbname=xgrx;charset=utf8mb4
[ sql ] [ SQL ] SHOW COLUMNS FROM `fa_auth_group_access` [ RunTime:0.001039s ]
[ sql ] [ SQL ] SELECT `aga`.`uid`,`aga`.`group_id`,`ag`.`id`,`ag`.`pid`,`ag`.`name`,`ag`.`rules` FROM `fa_auth_group_access` `aga` LEFT JOIN `fa_auth_group` `ag` ON `aga`.`group_id`=`ag`.`id` WHERE  (  aga.uid='1' and ag.status='normal' ) [ RunTime:0.000905s ]
[ sql ] [ SQL ] SHOW COLUMNS FROM `fa_auth_rule` [ RunTime:0.000966s ]
[ sql ] [ SQL ] SELECT `id`,`pid`,`condition`,`icon`,`name`,`title`,`ismenu` FROM `fa_auth_rule` WHERE  `status` = 'normal' [ RunTime:0.000340s ]
[ sql ] [ SQL ] SHOW COLUMNS FROM `fa_attachment` [ RunTime:0.004039s ]
[ sql ] [ SQL ] SELECT COUNT(*) AS tp_count FROM `fa_attachment` WHERE  (  `mimetype` LIKE '%image%' ) LIMIT 1 [ RunTime:0.000299s ]
[ sql ] [ SQL ] SELECT * FROM `fa_attachment` WHERE  (  `mimetype` LIKE '%image%' ) ORDER BY `id` DESC LIMIT 0,10 [ RunTime:0.000279s ]
